<?xml version="1.0" encoding="UTF-8"?>
<!-- Generated by org.testng.reporters.JUnitXMLReporter -->
<testsuite hostname="sys" name="FunctionalTest" tests="14" failures="0" timestamp="9 Aug 2016 19:07:58 GMT" time="9.383" errors="0">
  <testcase name="@BeforeClass beforeClass" time="0.0" classname="com.ts.tests.SignUpNowTest">
    <failure type="org.openqa.selenium.remote.UnreachableBrowserException" message="Error communicating with the remote browser. It may have died.
Build info: version: &amp;apos;2.48.2&amp;apos;, revision: &amp;apos;41bccdd10cf2c0560f637404c2d96164b67d9d67&amp;apos;, time: &amp;apos;2015-10-09 13:08:06&amp;apos;
System info: host: &amp;apos;sys&amp;apos;, ip: &amp;apos;192.168.1.11&amp;apos;, os.name: &amp;apos;Windows 10&amp;apos;, os.arch: &amp;apos;amd64&amp;apos;, os.version: &amp;apos;10.0&amp;apos;, java.version: &amp;apos;1.8.0_65&amp;apos;
Driver info: driver.version: PageDriver">
      <![CDATA[org.openqa.selenium.remote.UnreachableBrowserException: Error communicating with the remote browser. It may have died.
Build info: version: '2.48.2', revision: '41bccdd10cf2c0560f637404c2d96164b67d9d67', time: '2015-10-09 13:08:06'
System info: host: 'sys', ip: '192.168.1.11', os.name: 'Windows 10', os.arch: 'amd64', os.version: '10.0', java.version: '1.8.0_65'
Driver info: driver.version: PageDriver
	at org.openqa.selenium.remote.RemoteWebDriver.execute(RemoteWebDriver.java:641)
	at org.openqa.selenium.remote.RemoteWebDriver.executeScript(RemoteWebDriver.java:556)
	at com.ts.utils.web.PageDriver$1.apply(PageDriver.java:245)
	at com.ts.utils.web.PageDriver$1.apply(PageDriver.java:1)
	at org.openqa.selenium.support.ui.FluentWait.until(FluentWait.java:238)
	at com.ts.utils.web.PageDriver.waitForLoad(PageDriver.java:250)
	at com.ts.tests.SignUpNowTest.beforeClass(SignUpNowTest.java:27)
Caused by: org.apache.http.conn.HttpHostConnectException: Connect to 127.0.0.1:7055 [/127.0.0.1] failed: Connection refused: connect
	at org.apache.http.impl.conn.DefaultHttpClientConnectionOperator.connect(DefaultHttpClientConnectionOperator.java:151)
	at org.apache.http.impl.conn.PoolingHttpClientConnectionManager.connect(PoolingHttpClientConnectionManager.java:353)
	at org.apache.http.impl.execchain.MainClientExec.establishRoute(MainClientExec.java:380)
	at org.apache.http.impl.execchain.MainClientExec.execute(MainClientExec.java:236)
	at org.apache.http.impl.execchain.ProtocolExec.execute(ProtocolExec.java:184)
	at org.apache.http.impl.execchain.RetryExec.execute(RetryExec.java:88)
	at org.apache.http.impl.execchain.RedirectExec.execute(RedirectExec.java:110)
	at org.apache.http.impl.client.InternalHttpClient.doExecute(InternalHttpClient.java:184)
	at org.apache.http.impl.client.CloseableHttpClient.execute(CloseableHttpClient.java:71)
	at org.apache.http.impl.client.CloseableHttpClient.execute(CloseableHttpClient.java:55)
	at org.openqa.selenium.remote.internal.ApacheHttpClient.fallBackExecute(ApacheHttpClient.java:161)
	at org.openqa.selenium.remote.internal.ApacheHttpClient.execute(ApacheHttpClient.java:89)
	at org.openqa.selenium.remote.HttpCommandExecutor.execute(HttpCommandExecutor.java:142)
	at org.openqa.selenium.firefox.internal.NewProfileExtensionConnection.execute(NewProfileExtensionConnection.java:170)
	at org.openqa.selenium.firefox.FirefoxDriver$LazyCommandExecutor.execute(FirefoxDriver.java:380)
	at org.openqa.selenium.remote.RemoteWebDriver.execute(RemoteWebDriver.java:620)
	... 31 more
Caused by: java.net.ConnectException: Connection refused: connect
	at java.net.DualStackPlainSocketImpl.waitForConnect(Native Method)
	at java.net.DualStackPlainSocketImpl.socketConnect(DualStackPlainSocketImpl.java:85)
	at java.net.AbstractPlainSocketImpl.doConnect(AbstractPlainSocketImpl.java:350)
	at java.net.AbstractPlainSocketImpl.connectToAddress(AbstractPlainSocketImpl.java:206)
	at java.net.AbstractPlainSocketImpl.connect(AbstractPlainSocketImpl.java:188)
	at java.net.PlainSocketImpl.connect(PlainSocketImpl.java:172)
	at java.net.SocksSocketImpl.connect(SocksSocketImpl.java:392)
	at java.net.Socket.connect(Socket.java:589)
	at org.apache.http.conn.socket.PlainConnectionSocketFactory.connectSocket(PlainConnectionSocketFactory.java:74)
	at org.apache.http.impl.conn.DefaultHttpClientConnectionOperator.connect(DefaultHttpClientConnectionOperator.java:134)
	... 46 more
... Removed 25 stack frames]]>
    </failure>
  </testcase> <!-- @BeforeClass beforeClass -->
  <testcase name="testClickSignIn" time="0.002" classname="com.ts.tests.SignUpNowTest">
    <skipped/>
  </testcase> <!-- testClickSignIn -->
  <testcase name="testClickSignUpwithFacebook" time="0.002" classname="com.ts.tests.SignUpNowTest">
    <skipped/>
  </testcase> <!-- testClickSignUpwithFacebook -->
  <testcase name="testClickSignUpwithGitHub" time="0.004" classname="com.ts.tests.SignUpNowTest">
    <skipped/>
  </testcase> <!-- testClickSignUpwithGitHub -->
  <testcase name="testClickSignUpwithGoogle" time="0.001" classname="com.ts.tests.SignUpNowTest">
    <skipped/>
  </testcase> <!-- testClickSignUpwithGoogle -->
  <testcase name="testClickSignUpwithLinkedIn" time="0.001" classname="com.ts.tests.SignUpNowTest">
    <skipped/>
  </testcase> <!-- testClickSignUpwithLinkedIn -->
  <testcase name="testCreateAccount" time="0.002" classname="com.ts.tests.SignUpNowTest">
    <skipped/>
  </testcase> <!-- testCreateAccount -->
  <testcase name="testBackspaceEmailAddress" time="0.0" classname="com.ts.tests.SignUpNowTest">
    <skipped/>
  </testcase> <!-- testBackspaceEmailAddress -->
  <testcase name="testBackspacePassword" time="0.0" classname="com.ts.tests.SignUpNowTest">
    <skipped/>
  </testcase> <!-- testBackspacePassword -->
  <testcase name="testConfirmPasswordRequired" time="0.0" classname="com.ts.tests.SignUpNowTest">
    <skipped/>
  </testcase> <!-- testConfirmPasswordRequired -->
  <testcase name="testConfirmPasswordRequired" time="0.0" classname="com.ts.tests.SignUpNowTest">
    <skipped/>
  </testcase> <!-- testConfirmPasswordRequired -->
  <testcase name="testConfirmPasswordsDontMatch" time="0.0" classname="com.ts.tests.SignUpNowTest">
    <skipped/>
  </testcase> <!-- testConfirmPasswordsDontMatch -->
  <testcase name="testInvalidEmailAddressFormat" time="0.0" classname="com.ts.tests.SignUpNowTest">
    <skipped/>
  </testcase> <!-- testInvalidEmailAddressFormat -->
  <testcase name="testInvalidPassword" time="0.0" classname="com.ts.tests.SignUpNowTest">
    <skipped/>
  </testcase> <!-- testInvalidPassword -->
  <testcase name="testInvalidPasswordChars" time="0.0" classname="com.ts.tests.SignUpNowTest">
    <skipped/>
  </testcase> <!-- testInvalidPasswordChars -->
</testsuite> <!-- FunctionalTest -->
